================================================================================
  Output generated by mona.py v2.0, rev 583 - Immunity Debugger
  Corelan Team - https://www.corelan.be
================================================================================
  OS : 7, release 6.1.7601
  Process being debugged : fmws (pid 2516)
  Current mona arguments: rop -m *.dll -cp nonull
================================================================================
  2018-10-12 14:41:41
================================================================================
-----------------------------------------------------------------------------------------------------------------------------------------
 Module info :
-----------------------------------------------------------------------------------------------------------------------------------------
 Base       | Top        | Size       | Rebase | SafeSEH | ASLR  | NXCompat | OS Dll | Version, Modulename & Path
-----------------------------------------------------------------------------------------------------------------------------------------
 0x00400000 | 0x0062f000 | 0x0022f000 | False  | False   | False |  False   | False  | 5.3.0.0 [fmws.exe] (C:\EFS Software\Easy File Management Web Server\fmws.exe)
 0x10000000 | 0x10050000 | 0x00050000 | False  | False   | False |  False   | False  | -1.0- [ImageLoad.dll] (C:\EFS Software\Easy File Management Web Server\ImageLoad.dll)
 0x75a30000 | 0x75b66000 | 0x00136000 | True   | True    | True  |  True    | True   | 8.00.7600.16385 [urlmon.dll] (C:\Windows\syswow64\urlmon.dll)
 0x746b0000 | 0x746c0000 | 0x00010000 | True   | True    | True  |  True    | True   | 6.1.7601.17514 [NLAapi.dll] (C:\Windows\system32\NLAapi.dll)
 0x75910000 | 0x75a2d000 | 0x0011d000 | True   | True    | True  |  True    | True   | 6.1.7600.16385 [CRYPT32.dll] (C:\Windows\syswow64\CRYPT32.dll)
 0x745f0000 | 0x74634000 | 0x00044000 | True   | True    | True  |  True    | True   | 6.1.7600.16385 [DNSAPI.dll] (C:\Windows\system32\DNSAPI.dll)
 0x001c0000 | 0x001e7000 | 0x00027000 | True   | False   | False |  False   | False  | -1.0- [SSLEAY32.dll] (C:\EFS Software\Easy File Management Web Server\SSLEAY32.dll)
 0x76c10000 | 0x76d20000 | 0x00110000 | True   | True    | True  |  True    | True   | 6.1.7600.16385 [kernel32.dll] (C:\Windows\syswow64\kernel32.dll)
 0x76a60000 | 0x76b0c000 | 0x000ac000 | True   | True    | True  |  True    | True   | 7.0.7600.16385 [msvcrt.dll] (C:\Windows\syswow64\msvcrt.dll)
 0x75290000 | 0x7529c000 | 0x0000c000 | True   | True    | True  |  True    | True   | 6.1.7600.16385 [CRYPTBASE.dll] (C:\Windows\syswow64\CRYPTBASE.dll)
 0x74240000 | 0x7425c000 | 0x0001c000 | True   | True    | True  |  True    | True   | 6.1.7600.16385 [oledlg.dll] (C:\Windows\system32\oledlg.dll)
 0x746c0000 | 0x746d3000 | 0x00013000 | True   | True    | True  |  True    | True   | 6.1.7600.16385 [dwmapi.dll] (C:\Windows\system32\dwmapi.dll)
 0x77740000 | 0x778c0000 | 0x00180000 | True   | True    | True  |  True    | True   | 6.1.7600.16385 [ntdll.dll] (C:\Windows\SysWOW64\ntdll.dll)
 0x74680000 | 0x74692000 | 0x00012000 | True   | True    | True  |  True    | True   | 6.1.7600.16385 [pnrpnsp.dll] (C:\Windows\system32\pnrpnsp.dll)
 0x756f0000 | 0x75709000 | 0x00019000 | True   | True    | True  |  True    | True   | 6.1.7600.16385 [sechost.dll] (C:\Windows\SysWOW64\sechost.dll)
 0x74580000 | 0x74585000 | 0x00005000 | True   | True    | True  |  True    | True   | 6.1.7600.16385 [wshtcpip.dll] (C:\Windows\System32\wshtcpip.dll)
 0x006a0000 | 0x00771000 | 0x000d1000 | True   | False   | False |  False   | False  | -1.0- [LIBEAY32.dll] (C:\EFS Software\Easy File Management Web Server\LIBEAY32.dll)
 0x75900000 | 0x7590a000 | 0x0000a000 | True   | True    | True  |  True    | True   | 6.1.7600.16385 [LPK.dll] (C:\Windows\syswow64\LPK.dll)
 0x76860000 | 0x76a5b000 | 0x001fb000 | True   | True    | True  |  True    | True   | 8.00.7601.17514 [iertutil.dll] (C:\Windows\syswow64\iertutil.dll)
 0x75710000 | 0x757ad000 | 0x0009d000 | True   | True    | True  |  True    | True   | 1.0626.7601.17514 [USP10.dll] (C:\Windows\syswow64\USP10.dll)
 0x74590000 | 0x74596000 | 0x00006000 | True   | True    | True  |  True    | True   | 6.1.7600.16385 [rasadhlp.dll] (C:\Windows\system32\rasadhlp.dll)
 0x745a0000 | 0x745d8000 | 0x00038000 | True   | True    | True  |  True    | True   | 6.1.7600.16385 [fwpuclnt.dll] (C:\Windows\System32\fwpuclnt.dll)
 0x75090000 | 0x75097000 | 0x00007000 | True   | True    | True  |  True    | True   | 6.1.7600.16385 [WINNSI.DLL] (C:\Windows\system32\WINNSI.DLL)
 0x744b0000 | 0x744b7000 | 0x00007000 | True   | True    | True  |  True    | True   | 6.1.7600.16385 [WSOCK32.dll] (C:\Windows\system32\WSOCK32.dll)
 0x752a0000 | 0x75300000 | 0x00060000 | True   | True    | True  |  True    | True   | 6.1.7601.17514 [SspiCli.dll] (C:\Windows\syswow64\SspiCli.dll)
 0x76f20000 | 0x7707c000 | 0x0015c000 | True   | True    | True  |  True    | True   | 6.1.7600.16385 [ole32.dll] (C:\Windows\syswow64\ole32.dll)
 0x76800000 | 0x76860000 | 0x00060000 | True   | True    | True  |  True    | True   | 6.1.7601.17514 [IMM32.DLL] (C:\Windows\system32\IMM32.DLL)
 0x74a40000 | 0x74a56000 | 0x00016000 | True   | True    | True  |  True    | True   | 6.1.7600.16385 [CRYPTSP.dll] (C:\Windows\system32\CRYPTSP.dll)
 0x76b10000 | 0x76c10000 | 0x00100000 | True   | True    | True  |  True    | True   | 6.1.7601.17514 [USER32.dll] (C:\Windows\syswow64\USER32.dll)
 0x753b0000 | 0x7542b000 | 0x0007b000 | True   | True    | True  |  True    | True   | 6.1.7600.16385 [comdlg32.dll] (C:\Windows\syswow64\comdlg32.dll)
 0x750a0000 | 0x750bc000 | 0x0001c000 | True   | True    | True  |  True    | True   | 6.1.7600.16385 [IPHLPAPI.DLL] (C:\Windows\system32\IPHLPAPI.DLL)
 0x746a0000 | 0x746b0000 | 0x00010000 | True   | True    | True  |  True    | True   | 6.1.7600.16385 [napinsp.dll] (C:\Windows\system32\napinsp.dll)
 0x74b70000 | 0x74bf0000 | 0x00080000 | True   | True    | True  |  True    | True   | 6.1.7600.16385 [uxtheme.dll] (C:\Windows\system32\uxtheme.dll)
 0x757b0000 | 0x7583f000 | 0x0008f000 | True   | True    | True  |  True    | True   | 6.1.7601.17514 [OLEAUT32.dll] (C:\Windows\syswow64\OLEAUT32.dll)
 0x75b70000 | 0x767ba000 | 0x00c4a000 | True   | True    | True  |  True    | True   | 6.1.7601.17514 [SHELL32.dll] (C:\Windows\syswow64\SHELL32.dll)
 0x77080000 | 0x77170000 | 0x000f0000 | True   | True    | True  |  True    | True   | 6.1.7600.16385 [RPCRT4.dll] (C:\Windows\syswow64\RPCRT4.dll)
 0x76d80000 | 0x76d8c000 | 0x0000c000 | True   | True    | True  |  True    | True   | 6.1.7601.17514 [MSASN1.dll] (C:\Windows\syswow64\MSASN1.dll)
 0x74c00000 | 0x74d9e000 | 0x0019e000 | True   | True    | True  |  True    | True   | 6.10 [COMCTL32.dll] (C:\Windows\WinSxS\x86_microsoft.windows.common-controls_6595b64144ccf1df_6.0.7601.17514_none_41e6975e2bd6f2b2\COMCTL32.dll)
 0x745e0000 | 0x745e8000 | 0x00008000 | True   | True    | True  |  True    | True   | 6.1.7600.16385 [winrnr.dll] (C:\Windows\System32\winrnr.dll)
 0x755c0000 | 0x756b5000 | 0x000f5000 | True   | True    | True  |  True    | True   | 8.00.7600.16385 [WININET.dll] (C:\Windows\syswow64\WININET.dll)
 0x76d90000 | 0x76de7000 | 0x00057000 | True   | True    | True  |  True    | True   | 6.1.7600.16385 [SHLWAPI.dll] (C:\Windows\syswow64\SHLWAPI.dll)
 0x75460000 | 0x7552c000 | 0x000cc000 | True   | True    | True  |  True    | True   | 6.1.7600.16385 [MSCTF.dll] (C:\Windows\syswow64\MSCTF.dll)
 0x74210000 | 0x74229000 | 0x00019000 | True   | True    | True  |  True    | True   | 6.1.7601.17514 [OLEPRO32.DLL] (C:\Windows\system32\OLEPRO32.DLL)
 0x76e80000 | 0x76ec6000 | 0x00046000 | True   | True    | True  |  True    | True   | 6.1.7600.16385 [KERNELBASE.dll] (C:\Windows\syswow64\KERNELBASE.dll)
 0x74640000 | 0x7467c000 | 0x0003c000 | True   | True    | True  |  True    | True   | 6.1.7600.16385 [MSWSOCK.DLL] (C:\Windows\system32\MSWSOCK.DLL)
 0x744c0000 | 0x744f2000 | 0x00032000 | True   | True    | True  |  True    | True   | 6.1.7600.16385 [WINMM.dll] (C:\Windows\system32\WINMM.dll)
 0x76df0000 | 0x76e80000 | 0x00090000 | True   | True    | True  |  True    | True   | 6.1.7601.17514 [GDI32.dll] (C:\Windows\syswow64\GDI32.dll)
 0x76ed0000 | 0x76f15000 | 0x00045000 | True   | True    | True  |  True    | True   | 6.1.7600.16385 [WLDAP32.dll] (C:\Windows\syswow64\WLDAP32.dll)
 0x74310000 | 0x74361000 | 0x00051000 | True   | True    | True  |  True    | True   | 6.1.7600.16385 [WINSPOOL.DRV] (C:\Windows\system32\WINSPOOL.DRV)
 0x75310000 | 0x753b0000 | 0x000a0000 | True   | True    | True  |  True    | True   | 6.1.7600.16385 [ADVAPI32.dll] (C:\Windows\syswow64\ADVAPI32.dll)
 0x77710000 | 0x77716000 | 0x00006000 | True   | True    | True  |  True    | True   | 6.1.7600.16385 [NSI.dll] (C:\Windows\syswow64\NSI.dll)
 0x767c0000 | 0x767f5000 | 0x00035000 | True   | True    | True  |  True    | True   | 6.1.7600.16385 [WS2_32.dll] (C:\Windows\syswow64\WS2_32.dll)
-----------------------------------------------------------------------------------------------------------------------------------------
- Progress update : 1000 / 132107 items processed (Fri 2018/10/12 02:41:50 PM) - (0%)
- Progress update : 2000 / 132107 items processed (Fri 2018/10/12 02:41:53 PM) - (1%)
- Progress update : 3000 / 132107 items processed (Fri 2018/10/12 02:41:56 PM) - (2%)
- Progress update : 4000 / 132107 items processed (Fri 2018/10/12 02:41:59 PM) - (3%)
- Progress update : 5000 / 132107 items processed (Fri 2018/10/12 02:42:03 PM) - (3%)
- Progress update : 6000 / 132107 items processed (Fri 2018/10/12 02:42:06 PM) - (4%)
- Progress update : 7000 / 132107 items processed (Fri 2018/10/12 02:42:09 PM) - (5%)
- Progress update : 8000 / 132107 items processed (Fri 2018/10/12 02:42:13 PM) - (6%)
- Progress update : 9000 / 132107 items processed (Fri 2018/10/12 02:42:17 PM) - (6%)
- Progress update : 10000 / 132107 items processed (Fri 2018/10/12 02:42:20 PM) - (7%)
- Progress update : 11000 / 132107 items processed (Fri 2018/10/12 02:42:27 PM) - (8%)
- Progress update : 12000 / 132107 items processed (Fri 2018/10/12 02:42:34 PM) - (9%)
- Progress update : 13000 / 132107 items processed (Fri 2018/10/12 02:42:38 PM) - (9%)
- Progress update : 14000 / 132107 items processed (Fri 2018/10/12 02:42:42 PM) - (10%)
- Progress update : 15000 / 132107 items processed (Fri 2018/10/12 02:42:46 PM) - (11%)
- Progress update : 16000 / 132107 items processed (Fri 2018/10/12 02:42:50 PM) - (12%)
- Progress update : 17000 / 132107 items processed (Fri 2018/10/12 02:42:54 PM) - (12%)
- Progress update : 18000 / 132107 items processed (Fri 2018/10/12 02:42:58 PM) - (13%)
- Progress update : 19000 / 132107 items processed (Fri 2018/10/12 02:43:03 PM) - (14%)
- Progress update : 20000 / 132107 items processed (Fri 2018/10/12 02:43:08 PM) - (15%)
- Progress update : 21000 / 132107 items processed (Fri 2018/10/12 02:43:14 PM) - (15%)
- Progress update : 22000 / 132107 items processed (Fri 2018/10/12 02:43:22 PM) - (16%)
- Progress update : 23000 / 132107 items processed (Fri 2018/10/12 02:43:26 PM) - (17%)
- Progress update : 24000 / 132107 items processed (Fri 2018/10/12 02:43:30 PM) - (18%)
- Progress update : 25000 / 132107 items processed (Fri 2018/10/12 02:43:34 PM) - (18%)
- Progress update : 26000 / 132107 items processed (Fri 2018/10/12 02:43:39 PM) - (19%)
- Progress update : 27000 / 132107 items processed (Fri 2018/10/12 02:43:43 PM) - (20%)
- Progress update : 28000 / 132107 items processed (Fri 2018/10/12 02:43:47 PM) - (21%)
- Progress update : 29000 / 132107 items processed (Fri 2018/10/12 02:43:51 PM) - (21%)
- Progress update : 30000 / 132107 items processed (Fri 2018/10/12 02:43:54 PM) - (22%)
- Progress update : 31000 / 132107 items processed (Fri 2018/10/12 02:43:59 PM) - (23%)
- Progress update : 32000 / 132107 items processed (Fri 2018/10/12 02:44:03 PM) - (24%)
- Progress update : 33000 / 132107 items processed (Fri 2018/10/12 02:44:06 PM) - (24%)
- Progress update : 34000 / 132107 items processed (Fri 2018/10/12 02:44:10 PM) - (25%)
- Progress update : 35000 / 132107 items processed (Fri 2018/10/12 02:44:13 PM) - (26%)
- Progress update : 36000 / 132107 items processed (Fri 2018/10/12 02:44:17 PM) - (27%)
- Progress update : 37000 / 132107 items processed (Fri 2018/10/12 02:44:20 PM) - (28%)
- Progress update : 38000 / 132107 items processed (Fri 2018/10/12 02:44:23 PM) - (28%)
- Progress update : 39000 / 132107 items processed (Fri 2018/10/12 02:44:26 PM) - (29%)
- Progress update : 40000 / 132107 items processed (Fri 2018/10/12 02:44:30 PM) - (30%)
- Progress update : 41000 / 132107 items processed (Fri 2018/10/12 02:44:34 PM) - (31%)
- Progress update : 42000 / 132107 items processed (Fri 2018/10/12 02:44:38 PM) - (31%)
- Progress update : 43000 / 132107 items processed (Fri 2018/10/12 02:44:41 PM) - (32%)
- Progress update : 44000 / 132107 items processed (Fri 2018/10/12 02:44:45 PM) - (33%)
- Progress update : 45000 / 132107 items processed (Fri 2018/10/12 02:44:50 PM) - (34%)
- Progress update : 46000 / 132107 items processed (Fri 2018/10/12 02:44:53 PM) - (34%)
- Progress update : 47000 / 132107 items processed (Fri 2018/10/12 02:44:57 PM) - (35%)
- Progress update : 48000 / 132107 items processed (Fri 2018/10/12 02:45:00 PM) - (36%)
- Progress update : 49000 / 132107 items processed (Fri 2018/10/12 02:45:04 PM) - (37%)
- Progress update : 50000 / 132107 items processed (Fri 2018/10/12 02:45:08 PM) - (37%)
- Progress update : 51000 / 132107 items processed (Fri 2018/10/12 02:45:11 PM) - (38%)
- Progress update : 52000 / 132107 items processed (Fri 2018/10/12 02:45:15 PM) - (39%)
- Progress update : 53000 / 132107 items processed (Fri 2018/10/12 02:45:19 PM) - (40%)
- Progress update : 54000 / 132107 items processed (Fri 2018/10/12 02:45:22 PM) - (40%)
- Progress update : 55000 / 132107 items processed (Fri 2018/10/12 02:45:26 PM) - (41%)
- Progress update : 56000 / 132107 items processed (Fri 2018/10/12 02:45:30 PM) - (42%)
- Progress update : 57000 / 132107 items processed (Fri 2018/10/12 02:45:33 PM) - (43%)
- Progress update : 58000 / 132107 items processed (Fri 2018/10/12 02:45:37 PM) - (43%)
- Progress update : 59000 / 132107 items processed (Fri 2018/10/12 02:45:42 PM) - (44%)
- Progress update : 60000 / 132107 items processed (Fri 2018/10/12 02:45:45 PM) - (45%)
- Progress update : 61000 / 132107 items processed (Fri 2018/10/12 02:45:49 PM) - (46%)
- Progress update : 62000 / 132107 items processed (Fri 2018/10/12 02:45:52 PM) - (46%)
- Progress update : 63000 / 132107 items processed (Fri 2018/10/12 02:45:56 PM) - (47%)
- Progress update : 64000 / 132107 items processed (Fri 2018/10/12 02:46:00 PM) - (48%)
- Progress update : 65000 / 132107 items processed (Fri 2018/10/12 02:46:03 PM) - (49%)
- Progress update : 66000 / 132107 items processed (Fri 2018/10/12 02:46:07 PM) - (49%)
- Progress update : 67000 / 132107 items processed (Fri 2018/10/12 02:46:11 PM) - (50%)
- Progress update : 68000 / 132107 items processed (Fri 2018/10/12 02:46:15 PM) - (51%)
- Progress update : 69000 / 132107 items processed (Fri 2018/10/12 02:46:18 PM) - (52%)
- Progress update : 70000 / 132107 items processed (Fri 2018/10/12 02:46:22 PM) - (52%)
- Progress update : 71000 / 132107 items processed (Fri 2018/10/12 02:46:25 PM) - (53%)
- Progress update : 72000 / 132107 items processed (Fri 2018/10/12 02:46:29 PM) - (54%)
- Progress update : 73000 / 132107 items processed (Fri 2018/10/12 02:46:33 PM) - (55%)
- Progress update : 74000 / 132107 items processed (Fri 2018/10/12 02:46:36 PM) - (56%)
- Progress update : 75000 / 132107 items processed (Fri 2018/10/12 02:46:39 PM) - (56%)
- Progress update : 76000 / 132107 items processed (Fri 2018/10/12 02:46:42 PM) - (57%)
- Progress update : 77000 / 132107 items processed (Fri 2018/10/12 02:46:46 PM) - (58%)
- Progress update : 78000 / 132107 items processed (Fri 2018/10/12 02:46:49 PM) - (59%)
- Progress update : 79000 / 132107 items processed (Fri 2018/10/12 02:46:52 PM) - (59%)
- Progress update : 80000 / 132107 items processed (Fri 2018/10/12 02:46:56 PM) - (60%)
- Progress update : 81000 / 132107 items processed (Fri 2018/10/12 02:47:00 PM) - (61%)
- Progress update : 82000 / 132107 items processed (Fri 2018/10/12 02:47:03 PM) - (62%)
- Progress update : 83000 / 132107 items processed (Fri 2018/10/12 02:47:07 PM) - (62%)
- Progress update : 84000 / 132107 items processed (Fri 2018/10/12 02:47:10 PM) - (63%)
- Progress update : 85000 / 132107 items processed (Fri 2018/10/12 02:47:14 PM) - (64%)
- Progress update : 86000 / 132107 items processed (Fri 2018/10/12 02:47:17 PM) - (65%)
- Progress update : 87000 / 132107 items processed (Fri 2018/10/12 02:47:21 PM) - (65%)
- Progress update : 88000 / 132107 items processed (Fri 2018/10/12 02:47:25 PM) - (66%)
- Progress update : 89000 / 132107 items processed (Fri 2018/10/12 02:47:29 PM) - (67%)
- Progress update : 90000 / 132107 items processed (Fri 2018/10/12 02:47:33 PM) - (68%)
- Progress update : 91000 / 132107 items processed (Fri 2018/10/12 02:47:37 PM) - (68%)
- Progress update : 92000 / 132107 items processed (Fri 2018/10/12 02:47:41 PM) - (69%)
- Progress update : 93000 / 132107 items processed (Fri 2018/10/12 02:47:45 PM) - (70%)
- Progress update : 94000 / 132107 items processed (Fri 2018/10/12 02:47:49 PM) - (71%)
- Progress update : 95000 / 132107 items processed (Fri 2018/10/12 02:47:52 PM) - (71%)
- Progress update : 96000 / 132107 items processed (Fri 2018/10/12 02:47:56 PM) - (72%)
- Progress update : 97000 / 132107 items processed (Fri 2018/10/12 02:48:00 PM) - (73%)
- Progress update : 98000 / 132107 items processed (Fri 2018/10/12 02:48:07 PM) - (74%)
- Progress update : 99000 / 132107 items processed (Fri 2018/10/12 02:48:12 PM) - (74%)
- Progress update : 100000 / 132107 items processed (Fri 2018/10/12 02:48:18 PM) - (75%)
- Progress update : 101000 / 132107 items processed (Fri 2018/10/12 02:48:24 PM) - (76%)
- Progress update : 102000 / 132107 items processed (Fri 2018/10/12 02:48:29 PM) - (77%)
- Progress update : 103000 / 132107 items processed (Fri 2018/10/12 02:48:35 PM) - (77%)
- Progress update : 104000 / 132107 items processed (Fri 2018/10/12 02:48:41 PM) - (78%)
- Progress update : 105000 / 132107 items processed (Fri 2018/10/12 02:48:45 PM) - (79%)
- Progress update : 106000 / 132107 items processed (Fri 2018/10/12 02:48:49 PM) - (80%)
- Progress update : 107000 / 132107 items processed (Fri 2018/10/12 02:48:53 PM) - (80%)
- Progress update : 108000 / 132107 items processed (Fri 2018/10/12 02:48:57 PM) - (81%)
- Progress update : 109000 / 132107 items processed (Fri 2018/10/12 02:49:01 PM) - (82%)
- Progress update : 110000 / 132107 items processed (Fri 2018/10/12 02:49:05 PM) - (83%)
- Progress update : 111000 / 132107 items processed (Fri 2018/10/12 02:49:09 PM) - (84%)
- Progress update : 112000 / 132107 items processed (Fri 2018/10/12 02:49:12 PM) - (84%)
- Progress update : 113000 / 132107 items processed (Fri 2018/10/12 02:49:16 PM) - (85%)
- Progress update : 114000 / 132107 items processed (Fri 2018/10/12 02:49:20 PM) - (86%)
- Progress update : 115000 / 132107 items processed (Fri 2018/10/12 02:49:24 PM) - (87%)
- Progress update : 116000 / 132107 items processed (Fri 2018/10/12 02:49:28 PM) - (87%)
- Progress update : 117000 / 132107 items processed (Fri 2018/10/12 02:49:35 PM) - (88%)
- Progress update : 118000 / 132107 items processed (Fri 2018/10/12 02:49:40 PM) - (89%)
- Progress update : 119000 / 132107 items processed (Fri 2018/10/12 02:49:45 PM) - (90%)
- Progress update : 120000 / 132107 items processed (Fri 2018/10/12 02:49:49 PM) - (90%)
- Progress update : 121000 / 132107 items processed (Fri 2018/10/12 02:49:54 PM) - (91%)
- Progress update : 122000 / 132107 items processed (Fri 2018/10/12 02:49:58 PM) - (92%)
- Progress update : 123000 / 132107 items processed (Fri 2018/10/12 02:50:02 PM) - (93%)
- Progress update : 124000 / 132107 items processed (Fri 2018/10/12 02:50:07 PM) - (93%)
- Progress update : 125000 / 132107 items processed (Fri 2018/10/12 02:50:12 PM) - (94%)
- Progress update : 126000 / 132107 items processed (Fri 2018/10/12 02:50:16 PM) - (95%)
- Progress update : 127000 / 132107 items processed (Fri 2018/10/12 02:50:20 PM) - (96%)
- Progress update : 128000 / 132107 items processed (Fri 2018/10/12 02:50:23 PM) - (96%)
- Progress update : 129000 / 132107 items processed (Fri 2018/10/12 02:50:27 PM) - (97%)
- Progress update : 130000 / 132107 items processed (Fri 2018/10/12 02:50:30 PM) - (98%)
- Progress update : 131000 / 132107 items processed (Fri 2018/10/12 02:50:33 PM) - (99%)
- Progress update : 132000 / 132107 items processed (Fri 2018/10/12 02:50:37 PM) - (99%)
- Progress update : 132107 / 132107 items processed (Fri 2018/10/12 02:50:37 PM) - (100%)
[+] Creating suggestions list
[+] Processing suggestions
Attempting to create rop chain proposals
- Attempting to produce rop chain for VirtualProtect
  * Enumerating ROPFunc info
  * Getting pickup gadget
- Attempting to produce rop chain for VirtualAlloc
  * Enumerating ROPFunc info
  * Getting pickup gadget
Done creating rop chains
Writing 139 stackpivots with minimum offset 8 to file c:\mona_logs\fmws\stackpivot.txt
Writing all suggestions to file c:\mona_logs\fmws\rop_suggestions.txt
Gathering interesting gadgets
Writing results to file c:\mona_logs\fmws\rop.txt (207022 interesting gadgets)
Enumerating other gadgets (175241)
Writing results to file c:\mona_logs\fmws\rop.txt (175241 other gadgets)
Done (Fri 2018/10/12 03:12:18 PM)
